// Async (Call + Forget + CallBack)
setTimeout(()=>console.log('Timeout Call '), 2000); 
// Sync (Call + Wait + Result)
console.log("I am the Next Line to Execute ...");
console.log("Another Consolelog");
VM848:4 I am the Next Line to Execute ...
VM848:5 Another Consolelog
undefined
VM848:2 Timeout Call 
setInterval(()=>{
    console.log('I am the Interval');
},1000)
2
VM1035:2 I am the Interval
VM1035:2 I am the Interval
VM1035:2 I am the Interval
VM1035:2 I am the Interval
VM1035:2 I am the Interval
VM1035:2 I am the Interval
VM1035:2 I am the Interval
VM1035:2 I am the Interval
VM1035:2 I am the Interval
VM1035:2 I am the Interval
VM1035:2 I am the Interval
VM1035:2 I am the Interval
VM1035:2 I am the Interval
VM1035:2 I am the Interval
VM1035:2 I am the Interval
VM1035:2 I am the Interval
VM1035:2 I am the Interval
VM1035:2 I am the Interval
VM1035:2 I am the Interval
VM1035:2 I am the Interval
VM1035:2 I am the Interval
VM1035:2 I am the Interval
VM1035:2 I am the Interval
VM1035:2 I am the Interval
VM1035:2 I am the Interval
VM1035:2 I am the Interval
VM1035:2 I am the Interval
VM1035:2 I am the Interval
VM1035:2 I am the Interval
VM1035:2 I am the Interval
VM1035:2 I am the Interval
VM1035:2 I am the Interval
VM1035:2 I am the Interval
VM1035:2 I am the Interval
VM1035:2 I am the Interval
VM1035:2 I am the Interval
VM1035:2 I am the Interval
VM1035:2 I am the Interval
VM1035:2 I am the Interval
VM1035:2 I am the Interval
VM1035:2 I am the Interval
VM1035:2 I am the Interval
VM1035:2 I am the Interval
VM1035:2 I am the Interval
VM1035:2 I am the Interval
VM1035:2 I am the Interval
VM1035:2 I am the Interval
VM1035:2 I am the Interval
VM1035:2 I am the Interval
VM1035:2 I am the Interval
VM1035:2 I am the Interval
VM1035:2 I am the Interval
VM1035:2 I am the Interval
VM1035:2 I am the Interval
VM1035:2 I am the Interval
VM1035:2 I am the Interval
VM1035:2 I am the Interval
VM1035:2 I am the Interval
VM1035:2 I am the Interval
VM1035:2 I am the Interval
VM1035:2 I am the Interval
VM1035:2 I am the Interval
VM1035:2 I am the Interval
VM1035:2 I am the Interval
VM1035:2 I am the Interval
VM1035:2 I am the Interval
VM1035:2 I am the Interval
VM1035:2 I am the Interval
VM1035:2 I am the Interval
VM1035:2 I am the Interval
VM1035:2 I am the Interval
VM1035:2 I am the Interval
var e = setInterval(()=>{
    console.log('I am the Interval2');
},1000)
undefined
VM1035:2 I am the Interval
VM1059:2 I am the Interval2
VM1035:2 I am the Interval
VM1059:2 I am the Interval2
VM1035:2 I am the Interval
VM1059:2 I am the Interval2
VM1035:2 I am the Interval
VM1059:2 I am the Interval2
VM1035:2 I am the Interval
VM1059:2 I am the Interval2
VM1035:2 I am the Interval
VM1059:2 I am the Interval2
VM1035:2 I am the Interval
VM1059:2 I am the Interval2
VM1035:2 I am the Interval
VM1059:2 I am the Interval2
VM1035:2 I am the Interval
VM1059:2 I am the Interval2
VM1035:2 I am the Interval
VM1059:2 I am the Interval2
VM1035:2 I am the Interval
VM1059:2 I am the Interval2
VM1035:2 I am the Interval
VM1059:2 I am the Interval2
VM1035:2 I am the Interval
VM1059:2 I am the Interval2
VM1035:2 I am the Interval
VM1059:2 I am the Interval2
VM1035:2 I am the Interval
VM1059:2 I am the Interval2
VM1035:2 I am the Interval
VM1059:2 I am the Interval2
VM1035:2 I am the Interval
VM1059:2 I am the Interval2
VM1035:2 I am the Interval
VM1059:2 I am the Interval2
VM1035:2 I am the Interval
VM1059:2 I am the Interval2
VM1035:2 I am the Interval
VM1059:2 I am the Interval2
VM1035:2 I am the Interval
VM1059:2 I am the Interval2
VM1035:2 I am the Interval
VM1059:2 I am the Interval2
clearInterval(e);
undefined
VM1035:2 I am the Interval
VM1035:2 I am the Interval
VM1035:2 I am the Interval
VM1035:2 I am the Interval
VM1035:2 I am the Interval
VM1035:2 I am the Interval
VM1035:2 I am the Interval
VM1035:2 I am the Interval
VM1035:2 I am the Interval
VM1035:2 I am the Interval
VM1035:2 I am the Interval
VM1035:2 I am the Interval
VM1035:2 I am the Interval
VM1035:2 I am the Interval
VM1035:2 I am the Interval
VM1035:2 I am the Interval
VM1035:2 I am the Interval
VM1035:2 I am the Interval
VM1035:2 I am the Interval
VM1035:2 I am the Interval
VM1035:2 I am the Interval
VM1035:2 I am the Interval
VM1035:2 I am the Interval
VM1035:2 I am the Interval
VM1035:2 I am the Interval
VM1035:2 I am the Interval
VM1035:2 I am the Interval
VM1035:2 I am the Interval
VM1035:2 I am the Interval
VM1035:2 I am the Interval
VM1035:2 I am the Interval
VM1035:2 I am the Interval
VM1035:2 I am the Interval
VM1035:2 I am the Interval
VM1035:2 I am the Interval
VM1035:2 I am the Interval
VM1035:2 I am the Interval
VM1035:2 I am the Interval
VM1035:2 I am the Interval
VM1035:2 I am the Interval
VM1035:2 I am the Interval
VM1035:2 I am the Interval
VM1035:2 I am the Interval
VM1035:2 I am the Interval
VM1035:2 I am the Interval
VM1035:2 I am the Interval
VM1035:2 I am the Interval
VM1035:2 I am the Interval
VM1035:2 I am the Interval
VM1035:2 I am the Interval
VM1035:2 I am the Interval
VM1035:2 I am the Interval
VM1035:2 I am the Interval
VM1035:2 I am the Interval
VM1035:2 I am the Interval
VM1035:2 I am the Interval
VM1035:2 I am the Interval
VM1035:2 I am the Interval
VM1035:2 I am the Interval
VM1035:2 I am the Interval
VM1035:2 I am the Interval
VM1035:2 I am the Interval
VM1035:2 I am the Interval
VM1035:2 I am the Interval
VM1035:2 I am the Interval
VM1035:2 I am the Interval
VM1035:2 I am the Interval
VM1035:2 I am the Interval
VM1035:2 I am the Interval
VM1035:2 I am the Interval
VM1035:2 I am the Interval
VM1035:2 I am the Interval
VM1035:2 I am the Interval
VM1035:2 I am the Interval
VM1035:2 I am the Interval
VM1035:2 I am the Interval
VM1035:2 I am the Interval
VM1035:2 I am the Interval
VM1035:2 I am the Interval
VM1035:2 I am the Interval
VM1035:2 I am the Interval
VM1035:2 I am the Interval
VM1035:2 I am the Interval
VM1035:2 I am the Interval
VM1035:2 I am the Interval
VM1035:2 I am the Interval
VM1035:2 I am the Interval
VM1035:2 I am the Interval
VM1035:2 I am the Interval
VM1035:2 I am the Interval
VM1035:2 I am the Interval
VM1035:2 I am the Interval
VM1035:2 I am the Interval
VM1035:2 I am the Interval
VM1035:2 I am the Interval
VM1035:2 I am the Interval
VM1035:2 I am the Interval
VM1035:2 I am the Interval
VM1035:2 I am the Interval
VM1035:2 I am the Interval
VM1035:2 I am the Interval
VM1035:2 I am the Interval
VM1035:2 I am the Interval
VM1035:2 I am the Interval
VM1035:2 I am the Interval
VM1035:2 I am the Interval
VM1035:2 I am the Interval
VM1035:2 I am the Interval
VM1035:2 I am the Interval
VM1035:2 I am the Interval
VM1035:2 I am the Interval
VM1035:2 I am the Interval
VM1035:2 I am the Interval
VM1035:2 I am the Interval
VM1035:2 I am the Interval
VM1035:2 I am the Interval
VM1035:2 I am the Interval
VM1035:2 I am the Interval
VM1035:2 I am the Interval
VM1035:2 I am the Interval
VM1035:2 I am the Interval
VM1035:2 I am the Interval
VM1035:2 I am the Interval
VM1035:2 I am the Interval
VM1035:2 I am the Interval
VM1035:2 I am the Interval
VM1035:2 I am the Interval
VM1035:2 I am the Interval
VM1035:2 I am the Interval
VM1035:2 I am the Interval
VM1035:2 I am the Interval
VM1035:2 I am the Interval
VM1035:2 I am the Interval
VM1035:2 I am the Interval
VM1035:2 I am the Interval
VM1035:2 I am the Interval
VM1035:2 I am the Interval
VM1035:2 I am the Interval
VM1035:2 I am the Interval
VM1035:2 I am the Interval
VM1035:2 I am the Interval
VM1035:2 I am the Interval
VM1035:2 I am the Interval
VM1035:2 I am the Interval
VM1035:2 I am the Interval
VM1035:2 I am the Interval
VM1035:2 I am the Interval
VM1035:2 I am the Interval
VM1035:2 I am the Interval
VM1035:2 I am the Interval
VM1035:2 I am the Interval
VM1035:2 I am the Interval
VM1035:2 I am the Interval
VM1035:2 I am the Interval
VM1035:2 I am the Interval
VM1035:2 I am the Interval
VM1035:2 I am the Interval
VM1035:2 I am the Interval
VM1035:2 I am the Interval
VM1035:2 I am the Interval
VM1035:2 I am the Interval
VM1035:2 I am the Interval
VM1035:2 I am the Interval
VM1035:2 I am the Interval
VM1035:2 I am the Interval
VM1035:2 I am the Interval
VM1035:2 I am the Interval
VM1035:2 I am the Interval
VM1035:2 I am the Interval
VM1035:2 I am the Interval
VM1035:2 I am the Interval
VM1035:2 I am the Interval
VM1035:2 I am the Interval
VM1035:2 I am the Interval
VM1035:2 I am the Interval
VM1035:2 I am the Interval
VM1035:2 I am the Interval
VM1035:2 I am the Interval
VM1035:2 I am the Interval
VM1035:2 I am the Interval
VM1035:2 I am the Interval
VM1035:2 I am the Interval
VM1035:2 I am the Interval
VM1035:2 I am the Interval
VM1035:2 I am the Interval
VM1035:2 I am the Interval
VM1035:2 I am the Interval
VM1035:2 I am the Interval
VM1035:2 I am the Interval
VM1035:2 I am the Interval
VM1035:2 I am the Interval
VM1035:2 I am the Interval
VM1035:2 I am the Interval
VM1035:2 I am the Interval
VM1035:2 I am the Interval
VM1035:2 I am the Interval
VM1035:2 I am the Interval
VM1035:2 I am the Interval
VM1035:2 I am the Interval
VM1035:2 I am the Interval
VM1035:2 I am the Interval
VM1035:2 I am the Interval
VM1035:2 I am the Interval
VM1035:2 I am the Interval
VM1035:2 I am the Interval
VM1035:2 I am the Interval
VM1035:2 I am the Interval
VM1035:2 I am the Interval
VM1035:2 I am the Interval
VM1035:2 I am the Interval
VM1035:2 I am the Interval
VM1035:2 I am the Interval
VM1035:2 I am the Interval
VM1035:2 I am the Interval
VM1035:2 I am the Interval
VM1035:2 I am the Interval
VM1035:2 I am the Interval
VM1035:2 I am the Interval
VM1035:2 I am the Interval
VM1035:2 I am the Interval
VM1035:2 I am the Interval
VM1035:2 I am the Interval
VM1035:2 I am the Interval
VM1035:2 I am the Interval
VM1035:2 I am the Interval
VM1035:2 I am the Interval
VM1035:2 I am the Interval
VM1035:2 I am the Interval
VM1035:2 I am the Interval
VM1035:2 I am the Interval
VM1035:2 I am the Interval
VM1035:2 I am the Interval
VM1035:2 I am the Interval
VM1035:2 I am the Interval
VM1035:2 I am the Interval
VM1035:2 I am the Interval
VM1035:2 I am the Interval
clearInterval(e);
undefined
VM1035:2 I am the Interval
VM1035:2 I am the Interval
VM1035:2 I am the Interval
VM1035:2 I am the Interval
VM1035:2 I am the Interval
VM1035:2 I am the Interval
VM1035:2 I am the Interval
VM1035:2 I am the Interval
VM1035:2 I am the Interval
VM1035:2 I am the Interval
VM1035:2 I am the Interval
VM1035:2 I am the Interval
VM1035:2 I am the Interval
VM1035:2 I am the Interval
VM1035:2 I am the Interval
VM1035:2 I am the Interval
VM1035:2 I am the Interval
VM1035:2 I am the Interval
VM1035:2 I am the Interval
VM1035:2 I am the Interval
VM1035:2 I am the Interval
VM1035:2 I am the Interval
VM1035:2 I am the Interval
VM1035:2 I am the Interval
VM1035:2 I am the Interval
VM1035:2 I am the Interval
VM1035:2 I am the Interval
VM1035:2 I am the Interval
VM1035:2 I am the Interval
VM1035:2 I am the Interval
VM1035:2 I am the Interval
VM1035:2 I am the Interval
VM1035:2 I am the Interval
VM1035:2 I am the Interval
VM1035:2 I am the Interval
VM1035:2 I am the Interval
VM1035:2 I am the Interval
VM1035:2 I am the Interval
VM1035:2 I am the Interval
VM1035:2 I am the Interval
VM1035:2 I am the Interval
VM1035:2 I am the Interval
VM1035:2 I am the Interval
VM1035:2 I am the Interval
VM1035:2 I am the Interval
VM1035:2 I am the Interval
VM1035:2 I am the Interval
VM1035:2 I am the Interval
VM1035:2 I am the Interval
VM1035:2 I am the Interval
VM1035:2 I am the Interval
VM1035:2 I am the Interval
VM1035:2 I am the Interval
VM1035:2 I am the Interval
VM1035:2 I am the Interval
VM1035:2 I am the Interval
VM1035:2 I am the Interval
VM1035:2 I am the Interval
VM1035:2 I am the Interval
VM1035:2 I am the Interval
VM1035:2 I am the Interval
VM1035:2 I am the Interval
VM1035:2 I am the Interval
VM1035:2 I am the Interval
VM1035:2 I am the Interval
VM1035:2 I am the Interval
VM1035:2 I am the Interval
VM1035:2 I am the Interval
VM1035:2 I am the Interval
VM1035:2 I am the Interval
VM1035:2 I am the Interval
VM1035:2 I am the Interval
VM1035:2 I am the Interval
VM1035:2 I am the Interval
VM1035:2 I am the Interval
VM1035:2 I am the Interval
VM1035:2 I am the Interval
VM1035:2 I am the Interval
VM1035:2 I am the Interval
VM1035:2 I am the Interval
VM1035:2 I am the Interval
VM1035:2 I am the Interval
VM1035:2 I am the Interval
VM1035:2 I am the Interval
VM1035:2 I am the Interval
VM1035:2 I am the Interval
VM1035:2 I am the Interval
VM1035:2 I am the Interval
VM1035:2 I am the Interval
VM1035:2 I am the Interval
VM1035:2 I am the Interval
VM1035:2 I am the Interval
VM1035:2 I am the Interval
VM1035:2 I am the Interval
VM1035:2 I am the Interval
VM1035:2 I am the Interval
VM1035:2 I am the Interval
VM1035:2 I am the Interval
VM1035:2 I am the Interval
VM1035:2 I am the Interval
VM1035:2 I am the Interval
VM1035:2 I am the Interval
VM1035:2 I am the Interval
VM1035:2 I am the Interval
VM1035:2 I am the Interval
VM1035:2 I am the Interval
VM1035:2 I am the Interval
VM1035:2 I am the Interval
VM1035:2 I am the Interval
VM1035:2 I am the Interval
VM1035:2 I am the Interval
VM1035:2 I am the Interval
VM1035:2 I am the Interval
VM1035:2 I am the Interval
VM1035:2 I am the Interval
VM1035:2 I am the Interval
VM1035:2 I am the Interval
VM1035:2 I am the Interval
VM1035:2 I am the Interval
VM1035:2 I am the Interval
VM1035:2 I am the Interval
VM1035:2 I am the Interval
VM1035:2 I am the Interval
VM1035:2 I am the Interval
VM1035:2 I am the Interval
VM1035:2 I am the Interval
VM1035:2 I am the Interval
VM1035:2 I am the Interval
VM1035:2 I am the Interval
VM1035:2 I am the Interval
VM1035:2 I am the Interval
VM1035:2 I am the Interval
VM1035:2 I am the Interval
VM1035:2 I am the Interval
VM1035:2 I am the Interval
VM1035:2 I am the Interval
VM1035:2 I am the Interval
VM1035:2 I am the Interval
VM1035:2 I am the Interval
VM1035:2 I am the Interval
VM1035:2 I am the Interval
VM1035:2 I am the Interval
VM1035:2 I am the Interval
VM1035:2 I am the Interval
VM1035:2 I am the Interval
VM1035:2 I am the Interval
VM1035:2 I am the Interval
VM1035:2 I am the Interval
VM1035:2 I am the Interval
VM1035:2 I am the Interval
VM1035:2 I am the Interval
VM1035:2 I am the Interval
VM1035:2 I am the Interval
VM1035:2 I am the Interval
VM1035:2 I am the Interval
VM1035:2 I am the Interval
VM1035:2 I am the Interval
VM1035:2 I am the Interval
VM1035:2 I am the Interval
VM1035:2 I am the Interval
VM1035:2 I am the Interval
VM1035:2 I am the Interval
VM1035:2 I am the Interval
VM1035:2 I am the Interval
VM1035:2 I am the Interval
VM1035:2 I am the Interval
VM1035:2 I am the Interval
VM1035:2 I am the Interval
VM1035:2 I am the Interval
VM1035:2 I am the Interval
VM1035:2 I am the Interval
VM1035:2 I am the Interval
VM1035:2 I am the Interval
VM1035:2 I am the Interval
VM1035:2 I am the Interval
VM1035:2 I am the Interval
VM1035:2 I am the Interval
VM1035:2 I am the Interval
VM1035:2 I am the Interval
VM1035:2 I am the Interval
VM1035:2 I am the Interval
VM1035:2 I am the Interval
VM1035:2 I am the Interval
VM1035:2 I am the Interval
VM1035:2 I am the Interval
VM1035:2 I am the Interval
VM1035:2 I am the Interval
VM1035:2 I am the Interval
VM1035:2 I am the Interval
VM1035:2 I am the Interval
VM1035:2 I am the Interval
VM1035:2 I am the Interval
VM1035:2 I am the Interval
VM1035:2 I am the Interval
VM1035:2 I am the Interval
VM1035:2 I am the Interval
VM1035:2 I am the Interval
VM1035:2 I am the Interval
VM1035:2 I am the Interval
VM1035:2 I am the Interval
VM1035:2 I am the Interval
VM1035:2 I am the Interval
VM1035:2 I am the Interval
VM1035:2 I am the Interval
VM1035:2 I am the Interval
VM1035:2 I am the Interval
VM1035:2 I am the Interval
VM1035:2 I am the Interval
VM1035:2 I am the Interval
VM1035:2 I am the Interval
VM1035:2 I am the Interval
VM1035:2 I am the Interval
VM1035:2 I am the Interval
VM1035:2 I am the Interval
VM1035:2 I am the Interval
VM1035:2 I am the Interval
VM1035:2 I am the Interval
VM1035:2 I am the Interval
VM1035:2 I am the Interval
VM1035:2 I am the Interval
VM1035:2 I am the Interval
VM1035:2 I am the Interval
VM1035:2 I am the Interval
VM1035:2 I am the Interval
VM1035:2 I am the Interval
VM1035:2 I am the Interval
VM1035:2 I am the Interval
VM1035:2 I am the Interval
VM1035:2 I am the Interval
VM1035:2 I am the Interval
VM1035:2 I am the Interval
VM1035:2 I am the Interval
VM1035:2 I am the Interval
VM1035:2 I am the Interval
VM1035:2 I am the Interval
VM1035:2 I am the Interval
VM1035:2 I am the Interval
VM1035:2 I am the Interval
VM1035:2 I am the Interval
VM1035:2 I am the Interval
VM1035:2 I am the Interval
VM1035:2 I am the Interval
VM1035:2 I am the Interval
VM1035:2 I am the Interval
VM1035:2 I am the Interval
VM1035:2 I am the Interval
VM1035:2 I am the Interval
VM1035:2 I am the Interval
VM1035:2 I am the Interval
VM1035:2 I am the Interval
VM1035:2 I am the Interval
VM1035:2 I am the Interval
VM1035:2 I am the Interval
VM1035:2 I am the Interval
VM1035:2 I am the Interval
VM1035:2 I am the Interval
VM1035:2 I am the Interval
VM1035:2 I am the Interval
VM1035:2 I am the Interval
VM1035:2 I am the Interval
VM1035:2 I am the Interval
VM1035:2 I am the Interval
VM1035:2 I am the Interval
VM1035:2 I am the Interval
VM1035:2 I am the Interval
VM1035:2 I am the Interval
VM1035:2 I am the Interval
VM1035:2 I am the Interval
VM1035:2 I am the Interval
VM1035:2 I am the Interval
VM1035:2 I am the Interval
VM1035:2 I am the Interval
VM1035:2 I am the Interval
VM1035:2 I am the Interval
VM1035:2 I am the Interval
VM1035:2 I am the Interval
VM1035:2 I am the Interval
VM1035:2 I am the Interval
VM1035:2 I am the Interval
VM1035:2 I am the Interval
VM1035:2 I am the Interval
VM1035:2 I am the Interval
VM1035:2 I am the Interval
VM1035:2 I am the Interval
VM1035:2 I am the Interval
VM1035:2 I am the Interval
VM1035:2 I am the Interval
VM1035:2 I am the Interval
VM1035:2 I am the Interval
VM1035:2 I am the Interval
VM1035:2 I am the Interval
VM1035:2 I am the Interval
VM1035:2 I am the Interval
VM1035:2 I am the Interval
VM1035:2 I am the Interval
VM1035:2 I am the Interval
VM1035:2 I am the Interval
VM1035:2 I am the Interval
VM1035:2 I am the Interval
VM1035:2 I am the Interval
VM1035:2 I am the Interval
VM1035:2 I am the Interval
VM1035:2 I am the Interval
VM1035:2 I am the Interval
VM1035:2 I am the Interval
VM1035:2 I am the Interval
VM1035:2 I am the Interval
VM1035:2 I am the Interval
VM1035:2 I am the Interval
VM1035:2 I am the Interval
VM1035:2 I am the Interval
VM1035:2 I am the Interval
VM1035:2 I am the Interval
VM1035:2 I am the Interval
VM1035:2 I am the Interval
VM1035:2 I am the Interval
VM1035:2 I am the Interval
VM1035:2 I am the Interval
VM1035:2 I am the Interval
VM1035:2 I am the Interval
VM1035:2 I am the Interval
VM1035:2 I am the Interval
VM1035:2 I am the Interval
VM1035:2 I am the Interval
VM1035:2 I am the Interval
VM1035:2 I am the Interval
VM1035:2 I am the Interval
VM1035:2 I am the Interval
VM1035:2 I am the Interval
VM1035:2 I am the Interval
VM1035:2 I am the Interval
VM1035:2 I am the Interval
VM1035:2 I am the Interval
VM1035:2 I am the Interval
VM1035:2 I am the Interval
VM1035:2 I am the Interval
VM1035:2 I am the Interval
VM1035:2 I am the Interval
VM1035:2 I am the Interval
VM1035:2 I am the Interval
