var xmlHttpRequest = new XMLHttpRequest();
undefined
typeof xmlHttpRequest;
'object'
xmlHttpRequest.onreadystatechange=function(){
    if(this.readyState==4 && this.status ==200){
    console.log('Rec Data ', this.responseText);
}
}
ƒ (){
    if(this.readyState==4 && this.status ==200){
    console.log('Rec Data ', this.responseText);
}
}
const URL = "https://itunes.apple.com/search?term=sonu%20nigam&limit=10";
xmlHttpRequest.open('GET',URL,true);
xmlHttpRequest.send(null);
undefined
about:blank:1 Access to XMLHttpRequest at 'https://itunes.apple.com/search?term=sonu%20nigam&limit=10' from origin 'null' has been blocked by CORS policy: No 'Access-Control-Allow-Origin' header is present on the requested resource.
VM910:3          GET https://itunes.apple.com/search?term=sonu%20nigam&limit=10 net::ERR_FAILED 200
(anonymous) @ VM910:3
const URL = "https://itunes.apple.com/search?term=sonu nigam&limit=10";
xmlHttpRequest.open('GET',URL,true);
xmlHttpRequest.send(null);
undefined
about:blank:1 Access to XMLHttpRequest at 'https://itunes.apple.com/search?term=sonu%20nigam&limit=10' from origin 'null' has been blocked by CORS policy: No 'Access-Control-Allow-Origin' header is present on the requested resource.
VM923:3          GET https://itunes.apple.com/search?term=sonu%20nigam&limit=10 net::ERR_FAILED 200
(anonymous) @ VM923:3
const URL = "https://itunes.apple.com/search?term=sonu+nigam&limit=10";
xmlHttpRequest.open('GET',URL,true);
xmlHttpRequest.send(null);
undefined
VM650:3 Rec Data  


{
 "resultCount":10,
 "results": [
{"wrapperType":"track", "kind":"music-video", "artistId":217005, "trackId":453312653, "artistName":"Britney Spears", "trackName":"I Wanna Go (Desi Hits! Remix) [Produced By DJ Lloyd] [feat. Sonu Nigam]", "trackCensoredName":"I Wanna Go (Desi Hits! Remix) [Produced By DJ Lloyd] [feat. Sonu Nigam]", "artistViewUrl":"https://music.apple.com/us/artist/britney-spears/217005?uo=4", "trackViewUrl":"https://music.apple.com/us/music-video/i-wanna-go-desi-hits-remix-produced-by-dj-lloyd-feat/453312653?uo=4", 
"previewUrl":"https://video-ssl.itunes.apple.com/itunes-assets/Video115/v4/5b/aa/e0/5baae04b-bdc8-a40c-a7cd-ae44a63eefb1/mzvf_4151970821047110047.640x358.h264lc.U.p.m4v", 
"artworkUrl30":"https://is1-ssl.mzstatic.com/image/thumb/Video118/v4/e3/9b/df/e39bdfd8-4006-ffd5-cbf6-31d3e6ff0d10/SonyBMG.453312653.00000000000024105150.CROPPED.mzi.qyxyxgeq.jpg/30x30bb.jpg", 
"artworkUrl60":"https://is1-ssl.mzstatic.com/image/thumb/Video118/v4/e3/9b/df/e39bdfd8-4006-ffd5-cbf6-31d3e6ff0d10/SonyBMG.453312653.00000000000024105150.CROPPED.mzi.qyxyxgeq.jpg/60x60bb.jpg", 
"artworkUrl100":"https://is1-ssl.mzstatic.com/image/thumb/Video118/v4/e3/9b/df/e39bdfd8-4006-ffd5-cbf6-31d3e6ff0d10/SonyBMG.453312653.00000000000024105150.CROPPED.mzi.qyxyxgeq.jpg/100x100bb.jpg", "collectionPrice":1.99, "trackPrice":1.99, "releaseDate":"2011-07-25T07:00:00Z", "collectionExplicitness":"notExplicit", "trackExplicitness":"notExplicit", "trackTimeMillis":260265, "country":"USA", "currency":"USD", "primaryGenreName":"Pop"}, 
{"wrapperType":"track", "kind":"song", "artistId":217005, "collectionId":449308620, "trackId":449308768, "artistName":"Britney Spears", "collectionName":"I Wanna Go Remixes", "trackName":"I Wanna Go", "collectionCensoredName":"I Wanna Go Remixes", "trackCensoredName":"I Wanna Go (Desi Hits! Remix produced by DJ Lloyd ft Sonu Nigam)", "artistViewUrl":"https://music.apple.com/us/artist/britney-spears/217005?uo=4", "collectionViewUrl":"https://music.apple.com/us/album/i-wanna-go-desi-hits-remix-produced-by-dj-lloyd-ft-sonu-nigam/449308620?i=449308768&uo=4", "trackViewUrl":"https://music.apple.com/us/album/i-wanna-go-desi-hits-remix-produced-by-dj-lloyd-ft-sonu-nigam/449308620?i=449308768&uo=4", 
"previewUrl":"https://audio-ssl.itunes.apple.com/itunes-assets/AudioPreview115/v4/34/9f/00/349f00ec-3851-3487-a21e-0ef5fa23e531/mzaf_14674308928795374251.plus.aac.p.m4a", "artworkUrl30":"https://is1-ssl.mzstatic.com/image/thumb/Music/84/4d/46/mzi.fboltwux.jpg/30x30bb.jpg", "artworkUrl60":"https://is1-ssl.mzstatic.com/image/thumb/Music/84/4d/46/mzi.fboltwux.jpg/60x60bb.jpg", "artworkUrl100":"https://is1-ssl.mzstatic.com/image/thumb/Music/84/4d/46/mzi.fboltwux.jpg/100x100bb.jpg", "collectionPrice":4.99, "trackPrice":1.29, "releaseDate":"2011-07-11T12:00:00Z", "collectionExplicitness":"notExplicit", "trackExplicitness":"notExplicit", "discCount":1, "discNumber":1, "trackCount":10, "trackNumber":10, "trackTimeMillis":276933, "country":"USA", "currency":"USD", "primaryGenreName":"Pop", "isStreamable":true}, 
{"wrapperType":"track", "kind":"song", "artistId":18056658, "collectionId":604815149, "trackId":604815153, "artistName":"Sonu Nigam & Shankar Ehsaan Loy", "collectionName":"Best of Me: Sonu Nigam", "trackName":"Kal Ho Naa Ho (From \"Kal Ho Naa Ho\")", "collectionCensoredName":"Best of Me: Sonu Nigam", "trackCensoredName":"Kal Ho Naa Ho (From \"Kal Ho Naa Ho\")", "collectionArtistName":"Sonu Nigam", "artistViewUrl":"https://music.apple.com/us/artist/sonu-nigam/18056658?uo=4", "collectionViewUrl":"https://music.apple.com/us/album/kal-ho-naa-ho-from-kal-ho-naa-ho/604815149?i=604815153&uo=4", "trackViewUrl":"https://music.apple.com/us/album/kal-ho-naa-ho-from-kal-ho-naa-ho/604815149?i=604815153&uo=4", 
"previewUrl":"https://audio-ssl.itunes.apple.com/itunes-assets/AudioPreview115/v4/9e/f0/3c/9ef03c6e-b54b-59a5-18cd-6dcb6ca1f58f/mzaf_1390042420545718844.plus.aac.p.m4a", "artworkUrl30":"https://is3-ssl.mzstatic.com/image/thumb/Music114/v4/83/72/a9/8372a9dc-e16f-7071-5611-cfc661df0d10/886443873100.jpg/30x30bb.jpg", "artworkUrl60":"https://is3-ssl.mzstatic.com/image/thumb/Music114/v4/83/72/a9/8372a9dc-e16f-7071-5611-cfc661df0d10/886443873100.jpg/60x60bb.jpg", "artworkUrl100":"https://is3-ssl.mzstatic.com/image/thumb/Music114/v4/83/72/a9/8372a9dc-e16f-7071-5611-cfc661df0d10/886443873100.jpg/100x100bb.jpg", "collectionPrice":9.99, "trackPrice":1.29, "releaseDate":"2003-09-27T12:00:00Z", "collectionExplicitness":"notExplicit", "trackExplicitness":"notExplicit", "discCount":1, "discNumber":1, "trackCount":12, "trackNumber":2, "trackTimeMillis":321240, "country":"USA", "currency":"USD", "primaryGenreName":"Bollywood", "isStreamable":true}, 
{"wrapperType":"track", "kind":"song", "artistId":135141686, "collectionId":604815149, "trackId":604815154, "artistName":"Sandesh Shandilya, Sonu Nigam & Alka Yagnik", "collectionName":"Best of Me: Sonu Nigam", "trackName":"Suraj Hua Maddham (From \"Kabhi Khushi Kabhie Gham\")", "co
